
> aam-docs@0.0.0 build
> docusaurus build

[INFO] Website will be built for all these locales: 
- en
- ru
- ja
- zh-Hans
[INFO] [en] Creating an optimized production build...
[webpackbar] ℹ Compiling Client
[webpackbar] ℹ Compiling Server
[webpackbar] ✔ Server: Compiled successfully in 883.76ms
(node:145410) [DEP0169] DeprecationWarning: `url.parse()` behavior is not standardized and prone to errors that have security implications. Use the WHATWG URL API instead. CVEs are not issued for `url.parse()` vulnerabilities.
(Use `node --trace-deprecation ...` to show where the warning was created)
[webpackbar] ✔ Client: Compiled successfully in 1.05s

[ERROR] Error: Unable to build website for locale en.
    at tryToBuildLocale (/home/ininids/projects/aam-docs/node_modules/.pnpm/@docusaurus+core@3.9.2_@mdx-js+react@3.1.1_@types+react@19.2.14_react@19.2.4__react-dom_9ee5675d67cb31595c5212ba326959ce/node_modules/@docusaurus/core/lib/commands/build/build.js:83:15)
    at async /home/ininids/projects/aam-docs/node_modules/.pnpm/@docusaurus+core@3.9.2_@mdx-js+react@3.1.1_@types+react@19.2.14_react@19.2.4__react-dom_9ee5675d67cb31595c5212ba326959ce/node_modules/@docusaurus/core/lib/commands/build/build.js:35:9
    at async mapAsyncSequential (/home/ininids/projects/aam-docs/node_modules/.pnpm/@docusaurus+utils@3.9.2_react-dom@19.2.4_react@19.2.4__react@19.2.4/node_modules/@docusaurus/utils/lib/jsUtils.js:21:24)
    at async Command.build (/home/ininids/projects/aam-docs/node_modules/.pnpm/@docusaurus+core@3.9.2_@mdx-js+react@3.1.1_@types+react@19.2.14_react@19.2.4__react-dom_9ee5675d67cb31595c5212ba326959ce/node_modules/@docusaurus/core/lib/commands/build/build.js:34:5)
    at async Promise.all (index 0)
    at async runCLI (/home/ininids/projects/aam-docs/node_modules/.pnpm/@docusaurus+core@3.9.2_@mdx-js+react@3.1.1_@types+react@19.2.14_react@19.2.4__react-dom_9ee5675d67cb31595c5212ba326959ce/node_modules/@docusaurus/core/lib/commands/cli.js:56:5)
    at async file:///home/ininids/projects/aam-docs/node_modules/.pnpm/@docusaurus+core@3.9.2_@mdx-js+react@3.1.1_@types+react@19.2.14_react@19.2.4__react-dom_9ee5675d67cb31595c5212ba326959ce/node_modules/@docusaurus/core/bin/docusaurus.mjs:44:3 {
  [cause]: Error: Docusaurus found broken links!
  
  Please check the pages of your site in the list below, and make sure you don't reference any path that does not exist.
  Note: it's possible to ignore broken links with the 'onBrokenLinks' Docusaurus configuration, and let the build pass.
  
  Exhaustive list of all broken links found:
  - Broken link on source page path = /docs/using/types:
     -> linking to ../docs/types/physics (resolved as: /docs/docs/types/physics)
     -> linking to ../docs/types/math (resolved as: /docs/docs/types/math)
     -> linking to ../docs/types/time (resolved as: /docs/docs/types/time)
  
      at throwError (/home/ininids/projects/aam-docs/node_modules/.pnpm/@docusaurus+logger@3.9.2/node_modules/@docusaurus/logger/lib/logger.js:80:11)
      at reportBrokenLinks (/home/ininids/projects/aam-docs/node_modules/.pnpm/@docusaurus+core@3.9.2_@mdx-js+react@3.1.1_@types+react@19.2.14_react@19.2.4__react-dom_9ee5675d67cb31595c5212ba326959ce/node_modules/@docusaurus/core/lib/server/brokenLinks.js:250:47)
      at handleBrokenLinks (/home/ininids/projects/aam-docs/node_modules/.pnpm/@docusaurus+core@3.9.2_@mdx-js+react@3.1.1_@types+react@19.2.14_react@19.2.4__react-dom_9ee5675d67cb31595c5212ba326959ce/node_modules/@docusaurus/core/lib/server/brokenLinks.js:282:5)
      at executeBrokenLinksCheck (/home/ininids/projects/aam-docs/node_modules/.pnpm/@docusaurus+core@3.9.2_@mdx-js+react@3.1.1_@types+react@19.2.14_react@19.2.4__react-dom_9ee5675d67cb31595c5212ba326959ce/node_modules/@docusaurus/core/lib/commands/build/buildLocale.js:119:47)
      at /home/ininids/projects/aam-docs/node_modules/.pnpm/@docusaurus+core@3.9.2_@mdx-js+react@3.1.1_@types+react@19.2.14_react@19.2.4__react-dom_9ee5675d67cb31595c5212ba326959ce/node_modules/@docusaurus/core/lib/commands/build/buildLocale.js:94:67
      at Object.async (/home/ininids/projects/aam-docs/node_modules/.pnpm/@docusaurus+logger@3.9.2/node_modules/@docusaurus/logger/lib/perfLogger.js:42:47)
      at buildLocale (/home/ininids/projects/aam-docs/node_modules/.pnpm/@docusaurus+core@3.9.2_@mdx-js+react@3.1.1_@types+react@19.2.14_react@19.2.4__react-dom_9ee5675d67cb31595c5212ba326959ce/node_modules/@docusaurus/core/lib/commands/build/buildLocale.js:94:31)
      at async runBuildLocaleTask (/home/ininids/projects/aam-docs/node_modules/.pnpm/@docusaurus+core@3.9.2_@mdx-js+react@3.1.1_@types+react@19.2.14_react@19.2.4__react-dom_9ee5675d67cb31595c5212ba326959ce/node_modules/@docusaurus/core/lib/commands/build/build.js:98:5)
      at async /home/ininids/projects/aam-docs/node_modules/.pnpm/@docusaurus+core@3.9.2_@mdx-js+react@3.1.1_@types+react@19.2.14_react@19.2.4__react-dom_9ee5675d67cb31595c5212ba326959ce/node_modules/@docusaurus/core/lib/commands/build/build.js:79:13
      at async tryToBuildLocale (/home/ininids/projects/aam-docs/node_modules/.pnpm/@docusaurus+core@3.9.2_@mdx-js+react@3.1.1_@types+react@19.2.14_react@19.2.4__react-dom_9ee5675d67cb31595c5212ba326959ce/node_modules/@docusaurus/core/lib/commands/build/build.js:75:9)
}
[INFO] Docusaurus version: 3.9.2
Node version: v25.6.1
